# JRE version: OpenJDK Runtime Environment Microsoft-8297089 (17.0.8.1+1) (build 17.0.8.1+1-LTS)
# Java VM: OpenJDK 64-Bit Server VM Microsoft-8297089 (17.0.8.1+1-LTS, mixed mode, sharing, tiered, compressed oops, compressed class ptrs, g1 gc, windows-amd64)
GC Precious Log:
 CPUs: 8 total, 8 available
 Memory: 7934M
 Large Page Support: Disabled
 NUMA Support: Disabled
 Compressed Oops: Enabled (32-bit)
 Heap Region Size: 1M
 Heap Min Capacity: 8M
 Heap Initial Capacity: 124M
 Heap Max Capacity: 1G
 Pre-touch: Disabled
 Parallel Workers: 8
 Concurrent Workers: 2
 Concurrent Refinement Workers: 8
 Periodic GC: Disabled
Heap:
 garbage-first heap   total 479232K, used 220160K [0x00000000c0000000, 0x0000000100000000)
  region size 1024K, 107 young (109568K), 11 survivors (11264K)
 Metaspace       used 11444K, committed 11648K, reserved 1114112K
  class space    used 1427K, committed 1536K, reserved 1048576K
GC Heap History (20 events):
Event: 0.436 GC heap before
{Heap before GC invocations=0 (full 0):
 garbage-first heap   total 126976K, used 32768K [0x00000000c0000000, 0x0000000100000000)
  region size 1024K, 23 young (23552K), 0 survivors (0K)
 Metaspace       used 4640K, committed 4800K, reserved 1114112K
  class space    used 508K, committed 576K, reserved 1048576K
}
Event: 0.444 GC heap after
{Heap after GC invocations=1 (full 0):
 garbage-first heap   total 126976K, used 8640K [0x00000000c0000000, 0x0000000100000000)
  region size 1024K, 3 young (3072K), 3 survivors (3072K)
 Metaspace       used 4640K, committed 4800K, reserved 1114112K
  class space    used 508K, committed 576K, reserved 1048576K
}
Event: 0.534 GC heap before
{Heap before GC invocations=1 (full 0):
 garbage-first heap   total 126976K, used 40384K [0x00000000c0000000, 0x0000000100000000)
  region size 1024K, 31 young (31744K), 3 survivors (3072K)
 Metaspace       used 5289K, committed 5440K, reserved 1114112K
  class space    used 577K, committed 640K, reserved 1048576K
}
Event: 0.542 GC heap after
{Heap after GC invocations=2 (full 0):
 garbage-first heap   total 126976K, used 16082K [0x00000000c0000000, 0x0000000100000000)
  region size 1024K, 4 young (4096K), 4 survivors (4096K)
 Metaspace       used 5289K, committed 5440K, reserved 1114112K
  class space    used 577K, committed 640K, reserved 1048576K
}
Event: 0.602 GC heap before
{Heap before GC invocations=2 (full 0):
 garbage-first heap   total 126976K, used 52946K [0x00000000c0000000, 0x0000000100000000)
  region size 1024K, 40 young (40960K), 4 survivors (4096K)
 Metaspace       used 5295K, committed 5440K, reserved 1114112K
  class space    used 577K, committed 640K, reserved 1048576K
}
Event: 0.609 GC heap after
{Heap after GC invocations=3 (full 0):
 garbage-first heap   total 126976K, used 23552K [0x00000000c0000000, 0x0000000100000000)
  region size 1024K, 5 young (5120K), 5 survivors (5120K)
 Metaspace       used 5295K, committed 5440K, reserved 1114112K
  class space    used 577K, committed 640K, reserved 1048576K
}
Event: 0.805 GC heap before
{Heap before GC invocations=3 (full 0):
 garbage-first heap   total 126976K, used 71680K [0x00000000c0000000, 0x0000000100000000)
  region size 1024K, 52 young (53248K), 5 survivors (5120K)
 Metaspace       used 6754K, committed 6912K, reserved 1114112K
  class space    used 757K, committed 832K, reserved 1048576K
}
Event: 0.822 GC heap after
{Heap after GC invocations=4 (full 0):
 garbage-first heap   total 126976K, used 34816K [0x00000000c0000000, 0x0000000100000000)
  region size 1024K, 7 young (7168K), 7 survivors (7168K)
 Metaspace       used 6754K, committed 6912K, reserved 1114112K
  class space    used 757K, committed 832K, reserved 1048576K
}
Event: 0.929 GC heap before
{Heap before GC invocations=4 (full 0):
 garbage-first heap   total 126976K, used 78848K [0x00000000c0000000, 0x0000000100000000)
  region size 1024K, 50 young (51200K), 7 survivors (7168K)
 Metaspace       used 7064K, committed 7232K, reserved 1114112K
  class space    used 786K, committed 896K, reserved 1048576K
}
Event: 0.957 GC heap after
{Heap after GC invocations=5 (full 0):
 garbage-first heap   total 126976K, used 46592K [0x00000000c0000000, 0x0000000100000000)
  region size 1024K, 7 young (7168K), 7 survivors (7168K)
 Metaspace       used 7064K, committed 7232K, reserved 1114112K
  class space    used 786K, committed 896K, reserved 1048576K
}
Event: 1.008 GC heap before
{Heap before GC invocations=5 (full 0):
 garbage-first heap   total 126976K, used 84480K [0x00000000c0000000, 0x0000000100000000)
  region size 1024K, 45 young (46080K), 7 survivors (7168K)
 Metaspace       used 7068K, committed 7232K, reserved 1114112K
  class space    used 786K, committed 896K, reserved 1048576K
}
Event: 1.042 GC heap after
{Heap after GC invocations=6 (full 0):
 garbage-first heap   total 253952K, used 55808K [0x00000000c0000000, 0x0000000100000000)
  region size 1024K, 6 young (6144K), 6 survivors (6144K)
 Metaspace       used 7068K, committed 7232K, reserved 1114112K
  class space    used 786K, committed 896K, reserved 1048576K
}
Event: 1.319 GC heap before
{Heap before GC invocations=6 (full 0):
 garbage-first heap   total 253952K, used 157184K [0x00000000c0000000, 0x0000000100000000)
  region size 1024K, 105 young (107520K), 6 survivors (6144K)
 Metaspace       used 8648K, committed 8832K, reserved 1114112K
  class space    used 1003K, committed 1088K, reserved 1048576K
}
Event: 1.354 GC heap after
{Heap after GC invocations=7 (full 0):
 garbage-first heap   total 253952K, used 76166K [0x00000000c0000000, 0x0000000100000000)
  region size 1024K, 14 young (14336K), 14 survivors (14336K)
 Metaspace       used 8648K, committed 8832K, reserved 1114112K
  class space    used 1003K, committed 1088K, reserved 1048576K
}
Event: 1.437 GC heap before
{Heap before GC invocations=7 (full 0):
 garbage-first heap   total 253952K, used 165254K [0x00000000c0000000, 0x0000000100000000)
  region size 1024K, 101 young (103424K), 14 survivors (14336K)
 Metaspace       used 8650K, committed 8832K, reserved 1114112K
  class space    used 1003K, committed 1088K, reserved 1048576K
}
Event: 1.464 GC heap after
{Heap after GC invocations=8 (full 0):
 garbage-first heap   total 253952K, used 94024K [0x00000000c0000000, 0x0000000100000000)
  region size 1024K, 13 young (13312K), 13 survivors (13312K)
 Metaspace       used 8650K, committed 8832K, reserved 1114112K
  class space    used 1003K, committed 1088K, reserved 1048576K
}
Event: 1.648 GC heap before
{Heap before GC invocations=8 (full 0):
 garbage-first heap   total 253952K, used 154440K [0x00000000c0000000, 0x0000000100000000)
  region size 1024K, 72 young (73728K), 13 survivors (13312K)
 Metaspace       used 10292K, committed 10496K, reserved 1114112K
  class space    used 1206K, committed 1280K, reserved 1048576K
}
Event: 1.669 GC heap after
{Heap after GC invocations=9 (full 0):
 garbage-first heap   total 253952K, used 105984K [0x00000000c0000000, 0x0000000100000000)
  region size 1024K, 9 young (9216K), 9 survivors (9216K)
 Metaspace       used 10292K, committed 10496K, reserved 1114112K
  class space    used 1206K, committed 1280K, reserved 1048576K
}
Event: 1.758 GC heap before
{Heap before GC invocations=9 (full 0):
 garbage-first heap   total 253952K, used 184832K [0x00000000c0000000, 0x0000000100000000)
  region size 1024K, 85 young (87040K), 9 survivors (9216K)
 Metaspace       used 10295K, committed 10496K, reserved 1114112K
  class space    used 1207K, committed 1280K, reserved 1048576K
}
Event: 1.777 GC heap after
{Heap after GC invocations=10 (full 0):
 garbage-first heap   total 479232K, used 122880K [0x00000000c0000000, 0x0000000100000000)
  region size 1024K, 11 young (11264K), 11 survivors (11264K)
 Metaspace       used 10295K, committed 10496K, reserved 1114112K
  class space    used 1207K, committed 1280K, reserved 1048576K
}

