# JRE version: OpenJDK Runtime Environment Microsoft-8297089 (17.0.8.1+1) (build 17.0.8.1+1-LTS)
# Java VM: OpenJDK 64-Bit Server VM Microsoft-8297089 (17.0.8.1+1-LTS, mixed mode, sharing, tiered, compressed oops, compressed class ptrs, g1 gc, windows-amd64)
GC Precious Log:
 CPUs: 8 total, 8 available
 Memory: 7934M
 Large Page Support: Disabled
 NUMA Support: Disabled
 Compressed Oops: Enabled (32-bit)
 Heap Region Size: 1M
 Heap Min Capacity: 8M
 Heap Initial Capacity: 124M
 Heap Max Capacity: 1G
 Pre-touch: Disabled
 Parallel Workers: 8
 Concurrent Workers: 2
 Concurrent Refinement Workers: 8
 Periodic GC: Disabled
Heap:
 garbage-first heap   total 253952K, used 83456K [0x00000000c0000000, 0x0000000100000000)
  region size 1024K, 35 young (35840K), 6 survivors (6144K)
 Metaspace       used 8046K, committed 8256K, reserved 1114112K
  class space    used 930K, committed 1024K, reserved 1048576K
GC Heap History (12 events):
Event: 0.350 GC heap before
{Heap before GC invocations=0 (full 0):
 garbage-first heap   total 126976K, used 32768K [0x00000000c0000000, 0x0000000100000000)
  region size 1024K, 23 young (23552K), 0 survivors (0K)
 Metaspace       used 4637K, committed 4800K, reserved 1114112K
  class space    used 508K, committed 576K, reserved 1048576K
}
Event: 0.356 GC heap after
{Heap after GC invocations=1 (full 0):
 garbage-first heap   total 126976K, used 8352K [0x00000000c0000000, 0x0000000100000000)
  region size 1024K, 3 young (3072K), 3 survivors (3072K)
 Metaspace       used 4637K, committed 4800K, reserved 1114112K
  class space    used 508K, committed 576K, reserved 1048576K
}
Event: 0.460 GC heap before
{Heap before GC invocations=1 (full 0):
 garbage-first heap   total 126976K, used 40096K [0x00000000c0000000, 0x0000000100000000)
  region size 1024K, 31 young (31744K), 3 survivors (3072K)
 Metaspace       used 5301K, committed 5440K, reserved 1114112K
  class space    used 577K, committed 640K, reserved 1048576K
}
Event: 0.467 GC heap after
{Heap after GC invocations=2 (full 0):
 garbage-first heap   total 126976K, used 13954K [0x00000000c0000000, 0x0000000100000000)
  region size 1024K, 4 young (4096K), 4 survivors (4096K)
 Metaspace       used 5301K, committed 5440K, reserved 1114112K
  class space    used 577K, committed 640K, reserved 1048576K
}
Event: 0.528 GC heap before
{Heap before GC invocations=2 (full 0):
 garbage-first heap   total 126976K, used 51842K [0x00000000c0000000, 0x0000000100000000)
  region size 1024K, 41 young (41984K), 4 survivors (4096K)
 Metaspace       used 5307K, committed 5440K, reserved 1114112K
  class space    used 577K, committed 640K, reserved 1048576K
}
Event: 0.535 GC heap after
{Heap after GC invocations=3 (full 0):
 garbage-first heap   total 126976K, used 21884K [0x00000000c0000000, 0x0000000100000000)
  region size 1024K, 6 young (6144K), 6 survivors (6144K)
 Metaspace       used 5307K, committed 5440K, reserved 1114112K
  class space    used 577K, committed 640K, reserved 1048576K
}
Event: 0.727 GC heap before
{Heap before GC invocations=3 (full 0):
 garbage-first heap   total 126976K, used 71036K [0x00000000c0000000, 0x0000000100000000)
  region size 1024K, 54 young (55296K), 6 survivors (6144K)
 Metaspace       used 6804K, committed 6976K, reserved 1114112K
  class space    used 764K, committed 832K, reserved 1048576K
}
Event: 0.748 GC heap after
{Heap after GC invocations=4 (full 0):
 garbage-first heap   total 126976K, used 34297K [0x00000000c0000000, 0x0000000100000000)
  region size 1024K, 7 young (7168K), 7 survivors (7168K)
 Metaspace       used 6804K, committed 6976K, reserved 1114112K
  class space    used 764K, committed 832K, reserved 1048576K
}
Event: 0.861 GC heap before
{Heap before GC invocations=4 (full 0):
 garbage-first heap   total 126976K, used 77305K [0x00000000c0000000, 0x0000000100000000)
  region size 1024K, 50 young (51200K), 7 survivors (7168K)
 Metaspace       used 7068K, committed 7296K, reserved 1114112K
  class space    used 784K, committed 896K, reserved 1048576K
}
Event: 0.890 GC heap after
{Heap after GC invocations=5 (full 0):
 garbage-first heap   total 126976K, used 45568K [0x00000000c0000000, 0x0000000100000000)
  region size 1024K, 7 young (7168K), 7 survivors (7168K)
 Metaspace       used 7068K, committed 7296K, reserved 1114112K
  class space    used 784K, committed 896K, reserved 1048576K
}
Event: 0.942 GC heap before
{Heap before GC invocations=5 (full 0):
 garbage-first heap   total 126976K, used 84480K [0x00000000c0000000, 0x0000000100000000)
  region size 1024K, 45 young (46080K), 7 survivors (7168K)
 Metaspace       used 7074K, committed 7296K, reserved 1114112K
  class space    used 784K, committed 896K, reserved 1048576K
}
Event: 0.968 GC heap after
{Heap after GC invocations=6 (full 0):
 garbage-first heap   total 253952K, used 54784K [0x00000000c0000000, 0x0000000100000000)
  region size 1024K, 6 young (6144K), 6 survivors (6144K)
 Metaspace       used 7074K, committed 7296K, reserved 1114112K
  class space    used 784K, committed 896K, reserved 1048576K
}

