# JRE version: OpenJDK Runtime Environment Microsoft-8297089 (17.0.8.1+1) (build 17.0.8.1+1-LTS)
# Java VM: OpenJDK 64-Bit Server VM Microsoft-8297089 (17.0.8.1+1-LTS, mixed mode, sharing, tiered, compressed oops, compressed class ptrs, g1 gc, windows-amd64)
GC Precious Log:
 CPUs: 8 total, 8 available
 Memory: 7934M
 Large Page Support: Disabled
 NUMA Support: Disabled
 Compressed Oops: Enabled (32-bit)
 Heap Region Size: 1M
 Heap Min Capacity: 8M
 Heap Initial Capacity: 8M
 Heap Max Capacity: 1984M
 Pre-touch: Disabled
 Parallel Workers: 8
 Concurrent Workers: 2
 Concurrent Refinement Workers: 8
 Periodic GC: Disabled
Heap:
 garbage-first heap   total 229376K, used 103215K [0x0000000084000000, 0x0000000100000000)
  region size 1024K, 41 young (41984K), 2 survivors (2048K)
 Metaspace       used 11410K, committed 11584K, reserved 1114112K
  class space    used 1122K, committed 1216K, reserved 1048576K
GC Heap History (20 events):
Event: 0.792 GC heap before
{Heap before GC invocations=17 (full 0):
 garbage-first heap   total 29696K, used 18408K [0x0000000084000000, 0x0000000100000000)
  region size 1024K, 2 young (2048K), 1 survivors (1024K)
 Metaspace       used 7692K, committed 7872K, reserved 1114112K
  class space    used 863K, committed 960K, reserved 1048576K
}
Event: 0.794 GC heap after
{Heap after GC invocations=18 (full 0):
 garbage-first heap   total 46080K, used 17279K [0x0000000084000000, 0x0000000100000000)
  region size 1024K, 1 young (1024K), 1 survivors (1024K)
 Metaspace       used 7692K, committed 7872K, reserved 1114112K
  class space    used 863K, committed 960K, reserved 1048576K
}
Event: 0.867 GC heap before
{Heap before GC invocations=18 (full 0):
 garbage-first heap   total 46080K, used 24447K [0x0000000084000000, 0x0000000100000000)
  region size 1024K, 9 young (9216K), 1 survivors (1024K)
 Metaspace       used 7692K, committed 7872K, reserved 1114112K
  class space    used 863K, committed 960K, reserved 1048576K
}
Event: 0.869 GC heap after
{Heap after GC invocations=19 (full 0):
 garbage-first heap   total 46080K, used 17876K [0x0000000084000000, 0x0000000100000000)
  region size 1024K, 1 young (1024K), 1 survivors (1024K)
 Metaspace       used 7692K, committed 7872K, reserved 1114112K
  class space    used 863K, committed 960K, reserved 1048576K
}
Event: 0.871 GC heap before
{Heap before GC invocations=19 (full 0):
 garbage-first heap   total 46080K, used 22996K [0x0000000084000000, 0x0000000100000000)
  region size 1024K, 2 young (2048K), 1 survivors (1024K)
 Metaspace       used 7692K, committed 7872K, reserved 1114112K
  class space    used 863K, committed 960K, reserved 1048576K
}
Event: 0.872 GC heap after
{Heap after GC invocations=20 (full 0):
 garbage-first heap   total 46080K, used 23014K [0x0000000084000000, 0x0000000100000000)
  region size 1024K, 1 young (1024K), 1 survivors (1024K)
 Metaspace       used 7692K, committed 7872K, reserved 1114112K
  class space    used 863K, committed 960K, reserved 1048576K
}
Event: 0.936 GC heap before
{Heap before GC invocations=21 (full 0):
 garbage-first heap   total 55296K, used 48614K [0x0000000084000000, 0x0000000100000000)
  region size 1024K, 13 young (13312K), 1 survivors (1024K)
 Metaspace       used 7748K, committed 7872K, reserved 1114112K
  class space    used 863K, committed 960K, reserved 1048576K
}
Event: 0.939 GC heap after
{Heap after GC invocations=22 (full 0):
 garbage-first heap   total 55296K, used 21282K [0x0000000084000000, 0x0000000100000000)
  region size 1024K, 2 young (2048K), 2 survivors (2048K)
 Metaspace       used 7748K, committed 7872K, reserved 1114112K
  class space    used 863K, committed 960K, reserved 1048576K
}
Event: 0.945 GC heap before
{Heap before GC invocations=22 (full 0):
 garbage-first heap   total 55296K, used 22306K [0x0000000084000000, 0x0000000100000000)
  region size 1024K, 3 young (3072K), 2 survivors (2048K)
 Metaspace       used 7757K, committed 7936K, reserved 1114112K
  class space    used 863K, committed 960K, reserved 1048576K
}
Event: 0.948 GC heap after
{Heap after GC invocations=23 (full 0):
 garbage-first heap   total 110592K, used 21455K [0x0000000084000000, 0x0000000100000000)
  region size 1024K, 1 young (1024K), 1 survivors (1024K)
 Metaspace       used 7757K, committed 7936K, reserved 1114112K
  class space    used 863K, committed 960K, reserved 1048576K
}
Event: 1.335 GC heap before
{Heap before GC invocations=23 (full 0):
 garbage-first heap   total 110592K, used 61391K [0x0000000084000000, 0x0000000100000000)
  region size 1024K, 37 young (37888K), 1 survivors (1024K)
 Metaspace       used 9070K, committed 9280K, reserved 1114112K
  class space    used 988K, committed 1088K, reserved 1048576K
}
Event: 1.346 GC heap after
{Heap after GC invocations=24 (full 0):
 garbage-first heap   total 110592K, used 34800K [0x0000000084000000, 0x0000000100000000)
  region size 1024K, 5 young (5120K), 5 survivors (5120K)
 Metaspace       used 9070K, committed 9280K, reserved 1114112K
  class space    used 988K, committed 1088K, reserved 1048576K
}
Event: 1.476 GC heap before
{Heap before GC invocations=24 (full 0):
 garbage-first heap   total 110592K, used 70640K [0x0000000084000000, 0x0000000100000000)
  region size 1024K, 38 young (38912K), 5 survivors (5120K)
 Metaspace       used 9332K, committed 9536K, reserved 1114112K
  class space    used 994K, committed 1088K, reserved 1048576K
}
Event: 1.504 GC heap after
{Heap after GC invocations=25 (full 0):
 garbage-first heap   total 110592K, used 56191K [0x0000000084000000, 0x0000000100000000)
  region size 1024K, 5 young (5120K), 5 survivors (5120K)
 Metaspace       used 9332K, committed 9536K, reserved 1114112K
  class space    used 994K, committed 1088K, reserved 1048576K
}
Event: 1.625 GC heap before
{Heap before GC invocations=25 (full 0):
 garbage-first heap   total 110592K, used 76671K [0x0000000084000000, 0x0000000100000000)
  region size 1024K, 25 young (25600K), 5 survivors (5120K)
 Metaspace       used 9444K, committed 9600K, reserved 1114112K
  class space    used 996K, committed 1088K, reserved 1048576K
}
Event: 1.638 GC heap after
{Heap after GC invocations=26 (full 0):
 garbage-first heap   total 110592K, used 60928K [0x0000000084000000, 0x0000000100000000)
  region size 1024K, 4 young (4096K), 4 survivors (4096K)
 Metaspace       used 9444K, committed 9600K, reserved 1114112K
  class space    used 996K, committed 1088K, reserved 1048576K
}
Event: 2.193 GC heap before
{Heap before GC invocations=27 (full 0):
 garbage-first heap   total 111616K, used 80384K [0x0000000084000000, 0x0000000100000000)
  region size 1024K, 23 young (23552K), 4 survivors (4096K)
 Metaspace       used 10702K, committed 10880K, reserved 1114112K
  class space    used 1119K, committed 1216K, reserved 1048576K
}
Event: 2.205 GC heap after
{Heap after GC invocations=28 (full 0):
 garbage-first heap   total 111616K, used 64512K [0x0000000084000000, 0x0000000100000000)
  region size 1024K, 3 young (3072K), 3 survivors (3072K)
 Metaspace       used 10702K, committed 10880K, reserved 1114112K
  class space    used 1119K, committed 1216K, reserved 1048576K
}
Event: 5.983 GC heap before
{Heap before GC invocations=28 (full 0):
 garbage-first heap   total 111616K, used 83968K [0x0000000084000000, 0x0000000100000000)
  region size 1024K, 22 young (22528K), 3 survivors (3072K)
 Metaspace       used 11119K, committed 11328K, reserved 1114112K
  class space    used 1119K, committed 1216K, reserved 1048576K
}
Event: 5.992 GC heap after
{Heap after GC invocations=29 (full 0):
 garbage-first heap   total 231424K, used 66351K [0x0000000084000000, 0x0000000100000000)
  region size 1024K, 2 young (2048K), 2 survivors (2048K)
 Metaspace       used 11119K, committed 11328K, reserved 1114112K
  class space    used 1119K, committed 1216K, reserved 1048576K
}

