# JRE version: OpenJDK Runtime Environment Microsoft-8297089 (17.0.8.1+1) (build 17.0.8.1+1-LTS)
# Java VM: OpenJDK 64-Bit Server VM Microsoft-8297089 (17.0.8.1+1-LTS, mixed mode, sharing, tiered, compressed oops, compressed class ptrs, g1 gc, windows-amd64)
GC Precious Log:
 CPUs: 8 total, 8 available
 Memory: 7934M
 Large Page Support: Disabled
 NUMA Support: Disabled
 Compressed Oops: Enabled (32-bit)
 Heap Region Size: 1M
 Heap Min Capacity: 8M
 Heap Initial Capacity: 124M
 Heap Max Capacity: 1G
 Pre-touch: Disabled
 Parallel Workers: 8
 Concurrent Workers: 2
 Concurrent Refinement Workers: 8
 Periodic GC: Disabled
Heap:
 garbage-first heap   total 398336K, used 211681K [0x00000000c0000000, 0x0000000100000000)
  region size 1024K, 72 young (73728K), 12 survivors (12288K)
 Metaspace       used 17314K, committed 17536K, reserved 1114112K
  class space    used 2108K, committed 2240K, reserved 1048576K
GC Heap History (20 events):
Event: 4.711 GC heap before
{Heap before GC invocations=7 (full 0):
 garbage-first heap   total 235520K, used 136983K [0x00000000c0000000, 0x0000000100000000)
  region size 1024K, 77 young (78848K), 10 survivors (10240K)
 Metaspace       used 8608K, committed 8768K, reserved 1114112K
  class space    used 999K, committed 1088K, reserved 1048576K
}
Event: 4.784 GC heap after
{Heap after GC invocations=8 (full 0):
 garbage-first heap   total 235520K, used 82282K [0x00000000c0000000, 0x0000000100000000)
  region size 1024K, 10 young (10240K), 10 survivors (10240K)
 Metaspace       used 8608K, committed 8768K, reserved 1114112K
  class space    used 999K, committed 1088K, reserved 1048576K
}
Event: 5.560 GC heap before
{Heap before GC invocations=8 (full 0):
 garbage-first heap   total 235520K, used 158058K [0x00000000c0000000, 0x0000000100000000)
  region size 1024K, 84 young (86016K), 10 survivors (10240K)
 Metaspace       used 10273K, committed 10432K, reserved 1114112K
  class space    used 1201K, committed 1280K, reserved 1048576K
}
Event: 5.639 GC heap after
{Heap after GC invocations=9 (full 0):
 garbage-first heap   total 235520K, used 97280K [0x00000000c0000000, 0x0000000100000000)
  region size 1024K, 11 young (11264K), 11 survivors (11264K)
 Metaspace       used 10273K, committed 10432K, reserved 1114112K
  class space    used 1201K, committed 1280K, reserved 1048576K
}
Event: 6.106 GC heap before
{Heap before GC invocations=9 (full 0):
 garbage-first heap   total 235520K, used 169984K [0x00000000c0000000, 0x0000000100000000)
  region size 1024K, 82 young (83968K), 11 survivors (11264K)
 Metaspace       used 10290K, committed 10496K, reserved 1114112K
  class space    used 1202K, committed 1280K, reserved 1048576K
}
Event: 6.167 GC heap after
{Heap after GC invocations=10 (full 0):
 garbage-first heap   total 398336K, used 111611K [0x00000000c0000000, 0x0000000100000000)
  region size 1024K, 11 young (11264K), 11 survivors (11264K)
 Metaspace       used 10290K, committed 10496K, reserved 1114112K
  class space    used 1202K, committed 1280K, reserved 1048576K
}
Event: 6.766 GC heap before
{Heap before GC invocations=10 (full 0):
 garbage-first heap   total 398336K, used 242683K [0x00000000c0000000, 0x0000000100000000)
  region size 1024K, 138 young (141312K), 11 survivors (11264K)
 Metaspace       used 10293K, committed 10496K, reserved 1114112K
  class space    used 1202K, committed 1280K, reserved 1048576K
}
Event: 6.856 GC heap after
{Heap after GC invocations=11 (full 0):
 garbage-first heap   total 398336K, used 136831K [0x00000000c0000000, 0x0000000100000000)
  region size 1024K, 18 young (18432K), 18 survivors (18432K)
 Metaspace       used 10293K, committed 10496K, reserved 1114112K
  class space    used 1202K, committed 1280K, reserved 1048576K
}
Event: 9.328 GC heap before
{Heap before GC invocations=11 (full 0):
 garbage-first heap   total 398336K, used 269951K [0x00000000c0000000, 0x0000000100000000)
  region size 1024K, 149 young (152576K), 18 survivors (18432K)
 Metaspace       used 15912K, committed 16192K, reserved 1114112K
  class space    used 2035K, committed 2176K, reserved 1048576K
}
Event: 9.381 GC heap after
{Heap after GC invocations=12 (full 0):
 garbage-first heap   total 398336K, used 145214K [0x00000000c0000000, 0x0000000100000000)
  region size 1024K, 7 young (7168K), 7 survivors (7168K)
 Metaspace       used 15912K, committed 16192K, reserved 1114112K
  class space    used 2035K, committed 2176K, reserved 1048576K
}
Event: 10.794 GC heap before
{Heap before GC invocations=12 (full 0):
 garbage-first heap   total 398336K, used 287550K [0x00000000c0000000, 0x0000000100000000)
  region size 1024K, 145 young (148480K), 7 survivors (7168K)
 Metaspace       used 16226K, committed 16512K, reserved 1114112K
  class space    used 2042K, committed 2176K, reserved 1048576K
}
Event: 10.816 GC heap after
{Heap after GC invocations=13 (full 0):
 garbage-first heap   total 398336K, used 147044K [0x00000000c0000000, 0x0000000100000000)
  region size 1024K, 8 young (8192K), 8 survivors (8192K)
 Metaspace       used 16226K, committed 16512K, reserved 1114112K
  class space    used 2042K, committed 2176K, reserved 1048576K
}
Event: 12.050 GC heap before
{Heap before GC invocations=13 (full 0):
 garbage-first heap   total 398336K, used 310884K [0x00000000c0000000, 0x0000000100000000)
  region size 1024K, 168 young (172032K), 8 survivors (8192K)
 Metaspace       used 16504K, committed 16768K, reserved 1114112K
  class space    used 2050K, committed 2176K, reserved 1048576K
}
Event: 12.081 GC heap after
{Heap after GC invocations=14 (full 0):
 garbage-first heap   total 398336K, used 147997K [0x00000000c0000000, 0x0000000100000000)
  region size 1024K, 9 young (9216K), 9 survivors (9216K)
 Metaspace       used 16504K, committed 16768K, reserved 1114112K
  class space    used 2050K, committed 2176K, reserved 1048576K
}
Event: 13.099 GC heap before
{Heap before GC invocations=14 (full 0):
 garbage-first heap   total 398336K, used 321053K [0x00000000c0000000, 0x0000000100000000)
  region size 1024K, 178 young (182272K), 9 survivors (9216K)
 Metaspace       used 16819K, committed 17088K, reserved 1114112K
  class space    used 2055K, committed 2176K, reserved 1048576K
}
Event: 13.133 GC heap after
{Heap after GC invocations=15 (full 0):
 garbage-first heap   total 398336K, used 149274K [0x00000000c0000000, 0x0000000100000000)
  region size 1024K, 10 young (10240K), 10 survivors (10240K)
 Metaspace       used 16819K, committed 17088K, reserved 1114112K
  class space    used 2055K, committed 2176K, reserved 1048576K
}
Event: 13.951 GC heap before
{Heap before GC invocations=15 (full 0):
 garbage-first heap   total 398336K, used 328474K [0x00000000c0000000, 0x0000000100000000)
  region size 1024K, 185 young (189440K), 10 survivors (10240K)
 Metaspace       used 17191K, committed 17472K, reserved 1114112K
  class space    used 2095K, committed 2240K, reserved 1048576K
}
Event: 13.980 GC heap after
{Heap after GC invocations=16 (full 0):
 garbage-first heap   total 398336K, used 150182K [0x00000000c0000000, 0x0000000100000000)
  region size 1024K, 11 young (11264K), 11 survivors (11264K)
 Metaspace       used 17191K, committed 17472K, reserved 1114112K
  class space    used 2095K, committed 2240K, reserved 1048576K
}
Event: 14.865 GC heap before
{Heap before GC invocations=16 (full 0):
 garbage-first heap   total 398336K, used 334502K [0x00000000c0000000, 0x0000000100000000)
  region size 1024K, 191 young (195584K), 11 survivors (11264K)
 Metaspace       used 17280K, committed 17536K, reserved 1114112K
  class space    used 2106K, committed 2240K, reserved 1048576K
}
Event: 14.898 GC heap after
{Heap after GC invocations=17 (full 0):
 garbage-first heap   total 398336K, used 151265K [0x00000000c0000000, 0x0000000100000000)
  region size 1024K, 12 young (12288K), 12 survivors (12288K)
 Metaspace       used 17280K, committed 17536K, reserved 1114112K
  class space    used 2106K, committed 2240K, reserved 1048576K
}

